<?xml version="1.0" encoding="UTF-8"?>
<testsuite name="JUnit Jupiter" tests="12" skipped="0" failures="0" errors="0" time="0.429" hostname="sml-pc-054" timestamp="2018-04-11T16:03:52">
<properties>
[...]
</properties>
<testcase name="test5()" classname="ru.dshcherbakov.web.tests.SecondTest" time="0.24">
<system-out><![CDATA[
unique-id: [engine:junit-jupiter]/[class:ru.dshcherbakov.web.tests.SecondTest]/[method:test5()]
display-name: test5()
]]></system-out>
</testcase>
<testcase name="test6()" classname="ru.dshcherbakov.web.tests.SecondTest" time="0.002">
<system-out><![CDATA[
unique-id: [engine:junit-jupiter]/[class:ru.dshcherbakov.web.tests.SecondTest]/[method:test6()]
display-name: test6()
]]></system-out>
</testcase>
<testcase name="test7()" classname="ru.dshcherbakov.web.tests.SecondTest" time="0.002">
<system-out><![CDATA[
unique-id: [engine:junit-jupiter]/[class:ru.dshcherbakov.web.tests.SecondTest]/[method:test7()]
display-name: test7()
]]></system-out>
</testcase>
<testcase name="test8()" classname="ru.dshcherbakov.web.tests.SecondTest" time="0.004">
<system-out><![CDATA[
unique-id: [engine:junit-jupiter]/[class:ru.dshcherbakov.web.tests.SecondTest]/[method:test8()]
display-name: test8()
]]></system-out>
</testcase>
<testcase name="test1()" classname="ru.dshcherbakov.web.tests.FirstTest" time="0.003">
<system-out><![CDATA[
unique-id: [engine:junit-jupiter]/[class:ru.dshcherbakov.web.tests.FirstTest]/[method:test1()]
display-name: test1()
]]></system-out>
</testcase>
<testcase name="test2()" classname="ru.dshcherbakov.web.tests.FirstTest" time="0.002">
<system-out><![CDATA[
unique-id: [engine:junit-jupiter]/[class:ru.dshcherbakov.web.tests.FirstTest]/[method:test2()]
display-name: test2()
]]></system-out>
</testcase>
<testcase name="test3()" classname="ru.dshcherbakov.web.tests.FirstTest" time="0.01">
<system-out><![CDATA[
unique-id: [engine:junit-jupiter]/[class:ru.dshcherbakov.web.tests.FirstTest]/[method:test3()]
display-name: test3()
]]></system-out>
</testcase>
<testcase name="test4()" classname="ru.dshcherbakov.web.tests.FirstTest" time="0.002">
<system-out><![CDATA[
unique-id: [engine:junit-jupiter]/[class:ru.dshcherbakov.web.tests.FirstTest]/[method:test4()]
display-name: test4()
]]></system-out>
</testcase>
<testcase name="test10()" classname="ru.dshcherbakov.web.tests.ThirdTest" time="0.001">
<system-out><![CDATA[
unique-id: [engine:junit-jupiter]/[class:ru.dshcherbakov.web.tests.ThirdTest]/[method:test10()]
display-name: test10()
]]></system-out>
</testcase>
<testcase name="test11()" classname="ru.dshcherbakov.web.tests.ThirdTest" time="0.006">
<system-out><![CDATA[
unique-id: [engine:junit-jupiter]/[class:ru.dshcherbakov.web.tests.ThirdTest]/[method:test11()]
display-name: test11()
]]></system-out>
</testcase>
<testcase name="test12()" classname="ru.dshcherbakov.web.tests.ThirdTest" time="0.003">
<system-out><![CDATA[
unique-id: [engine:junit-jupiter]/[class:ru.dshcherbakov.web.tests.ThirdTest]/[method:test12()]
display-name: test12()
]]></system-out>
</testcase>
<testcase name="test9()" classname="ru.dshcherbakov.web.tests.ThirdTest" time="0.004">
<system-out><![CDATA[
unique-id: [engine:junit-jupiter]/[class:ru.dshcherbakov.web.tests.ThirdTest]/[method:test9()]
display-name: test9()
]]></system-out>
</testcase>
<system-out><![CDATA[
unique-id: [engine:junit-jupiter]
display-name: JUnit Jupiter
]]></system-out>
</testsuite>
